  2번.cpp
  응용문제1번.cpp
C:\Users\kjeng\source\repos\Project1\Project1\응용문제1번.cpp(13,14): warning C4326: 'main'의 반환 형식이 'int'이어야 하는데 'float'입니다.
C:\Users\kjeng\source\repos\Project1\Project1\응용문제1번.cpp(15,13): warning C4244: '=': 'int'에서 'float'(으)로 변환하면서 데이터가 손실될 수 있습니다.
C:\Users\kjeng\source\repos\Project1\Project1\응용문제1번.cpp(16,13): warning C4244: '=': 'int'에서 'float'(으)로 변환하면서 데이터가 손실될 수 있습니다.
C:\Users\kjeng\source\repos\Project1\Project1\응용문제1번.cpp(17,13): warning C4244: '=': 'int'에서 'float'(으)로 변환하면서 데이터가 손실될 수 있습니다.
C:\Users\kjeng\source\repos\Project1\Project1\응용문제1번.cpp(19,43): warning C4244: '인수': 'float'에서 'int'(으)로 변환하면서 데이터가 손실될 수 있습니다.
C:\Users\kjeng\source\repos\Project1\Project1\응용문제1번.cpp(19,40): warning C4244: '인수': 'float'에서 'int'(으)로 변환하면서 데이터가 손실될 수 있습니다.
C:\Users\kjeng\source\repos\Project1\Project1\응용문제1번.cpp(19,37): warning C4244: '인수': 'float'에서 'int'(으)로 변환하면서 데이터가 손실될 수 있습니다.
C:\Users\kjeng\source\repos\Project1\Project1\응용문제1번.cpp(20,49): warning C4244: '인수': 'float'에서 'int'(으)로 변환하면서 데이터가 손실될 수 있습니다.
C:\Users\kjeng\source\repos\Project1\Project1\응용문제1번.cpp(20,46): warning C4244: '인수': 'float'에서 'int'(으)로 변환하면서 데이터가 손실될 수 있습니다.
C:\Users\kjeng\source\repos\Project1\Project1\응용문제1번.cpp(20,43): warning C4244: '인수': 'float'에서 'int'(으)로 변환하면서 데이터가 손실될 수 있습니다.
C:\Users\kjeng\source\repos\Project1\Project1\응용문제1번.cpp(21,52): warning C4244: '인수': 'float'에서 'int'(으)로 변환하면서 데이터가 손실될 수 있습니다.
C:\Users\kjeng\source\repos\Project1\Project1\응용문제1번.cpp(21,49): warning C4244: '인수': 'float'에서 'int'(으)로 변환하면서 데이터가 손실될 수 있습니다.
C:\Users\kjeng\source\repos\Project1\Project1\응용문제1번.cpp(21,46): warning C4244: '인수': 'float'에서 'int'(으)로 변환하면서 데이터가 손실될 수 있습니다.
C:\Users\kjeng\source\repos\Project1\Project1\응용문제1번.cpp(22,52): warning C4244: '인수': 'float'에서 'int'(으)로 변환하면서 데이터가 손실될 수 있습니다.
C:\Users\kjeng\source\repos\Project1\Project1\응용문제1번.cpp(22,49): warning C4244: '인수': 'float'에서 'int'(으)로 변환하면서 데이터가 손실될 수 있습니다.
C:\Users\kjeng\source\repos\Project1\Project1\응용문제1번.cpp(22,46): warning C4244: '인수': 'float'에서 'int'(으)로 변환하면서 데이터가 손실될 수 있습니다.
C:\Users\kjeng\source\repos\Project1\Project1\응용문제1번.cpp(29,9): warning C4244: 'return': 'float'에서 'int'(으)로 변환하면서 데이터가 손실될 수 있습니다.
C:\Users\kjeng\source\repos\Project1\Project1\응용문제1번.cpp(35,18): warning C4244: 'return': 'float'에서 'int'(으)로 변환하면서 데이터가 손실될 수 있습니다.
  코드를 생성하고 있습니다...
  Project1.vcxproj -> C:\Users\kjeng\source\repos\Project1\Debug\Project1.exe
